{
  "RSpec": {
    "coverage": {
      "/Users/apprentice/Desktop/sitm/app/controllers/products_controller.rb": [
        1,
        1,
        0,
        null,
        null,
        1,
        2,
        2,
        2,
        2,
        1,
        null,
        1,
        null,
        2,
        2,
        null,
        null,
        null
      ],
      "/Users/apprentice/Desktop/sitm/app/controllers/application_controller.rb": [
        1,
        1,
        null,
        null,
        1,
        1,
        null,
        1,
        2,
        0,
        null,
        2,
        2,
        0,
        null,
        null,
        null,
        null
      ],
      "/Users/apprentice/Desktop/sitm/spec/helpers/product_lookup_spec.rb": [
        1,
        null,
        1,
        null,
        1,
        1,
        null,
        null,
        1,
        1,
        null,
        null,
        1,
        1,
        null,
        null,
        1,
        1,
        1,
        1,
        1,
        null,
        1,
        1,
        null,
        null,
        1,
        null,
        null,
        1,
        1,
        null,
        null,
        1,
        1,
        1,
        1,
        1,
        null,
        1,
        1,
        null,
        null,
        1,
        null,
        null,
        null
      ],
      "/Users/apprentice/Desktop/sitm/spec/helpers/product_priority_set_spec.rb": [
        1,
        null,
        1,
        9,
        9,
        4,
        null,
        1,
        1,
        1,
        1,
        1,
        1,
        null,
        null,
        null,
        null,
        1,
        1,
        1,
        null,
        null,
        null,
        1,
        3,
        3,
        3,
        null,
        5,
        null,
        1,
        1,
        null,
        null,
        1,
        1,
        null,
        null,
        null,
        1,
        4,
        4,
        4,
        7,
        null,
        1,
        1,
        null,
        null,
        1,
        1,
        null,
        null,
        1,
        1,
        1,
        null,
        null,
        null,
        null,
        1,
        2,
        2,
        null,
        1,
        1,
        1,
        1,
        null,
        null,
        null,
        null
      ],
      "/Users/apprentice/Desktop/sitm/spec/models/product_priority_spec.rb": [
        1,
        null,
        1,
        2,
        2,
        null
      ],
      "/Users/apprentice/Desktop/sitm/app/models/product_priority.rb": [
        1,
        1,
        1,
        null
      ],
      "/Users/apprentice/Desktop/sitm/spec/models/product_spec.rb": [
        1,
        null,
        1,
        null,
        2,
        2,
        null,
        null,
        2,
        2,
        2,
        2,
        2,
        2,
        2,
        2,
        2,
        2,
        null,
        1,
        null,
        1,
        1,
        null,
        1,
        null,
        null,
        null,
        null
      ],
      "/Users/apprentice/Desktop/sitm/app/models/product.rb": [
        1,
        1,
        null,
        1,
        1,
        null,
        null,
        1,
        1,
        null,
        1,
        3,
        null,
        null,
        null,
        1,
        3,
        3,
        15,
        15,
        null,
        3,
        null,
        null,
        null,
        null,
        null,
        null
      ],
      "/Users/apprentice/Desktop/sitm/spec/models/simple_session_spec.rb": [
        1,
        null,
        1,
        2,
        2,
        null
      ],
      "/Users/apprentice/Desktop/sitm/app/models/simple_session.rb": [
        1,
        1,
        1,
        null,
        1,
        null
      ],
      "/Users/apprentice/Desktop/sitm/app/helpers/product_priority_set.rb": [
        null,
        null,
        null,
        null,
        null,
        null,
        null,
        null,
        null,
        null,
        null,
        null,
        1,
        null,
        1,
        null,
        1,
        null,
        1,
        3,
        18,
        null,
        null,
        null,
        1,
        0,
        0,
        null,
        null,
        1,
        1,
        null,
        null,
        null,
        null,
        1,
        null,
        null,
        1,
        2,
        2,
        null,
        null,
        1,
        5,
        10,
        10,
        15,
        15,
        6,
        6,
        null,
        9,
        null,
        null,
        null,
        null,
        null,
        1,
        3,
        6,
        null,
        null,
        null,
        null,
        1,
        0,
        null,
        0,
        null,
        null,
        null,
        null,
        null,
        null,
        null,
        null
      ],
      "/Users/apprentice/Desktop/sitm/app/helpers/product_lookup.rb": [
        null,
        null,
        null,
        null,
        null,
        null,
        null,
        null,
        null,
        null,
        null,
        null,
        null,
        null,
        null,
        null,
        null,
        null,
        null,
        null,
        null,
        null,
        null,
        null,
        1,
        null,
        1,
        null,
        1,
        4,
        null,
        4,
        4,
        4,
        null,
        null,
        0,
        null,
        null,
        1,
        null,
        null,
        null,
        null,
        null,
        6,
        null,
        null,
        1,
        2,
        2,
        null,
        null,
        1,
        10,
        null,
        null,
        1,
        4,
        null,
        null,
        1,
        5,
        5,
        null,
        null,
        null,
        null,
        null,
        null,
        1,
        7,
        null,
        null,
        null,
        null,
        null,
        null,
        null,
        null,
        null,
        null,
        null,
        7,
        null,
        2,
        null,
        null,
        null,
        1,
        5,
        4,
        20,
        null,
        null,
        1,
        1,
        1,
        1,
        1,
        1,
        1,
        null,
        null,
        null,
        null,
        null,
        null,
        null,
        null,
        null,
        1,
        1,
        0,
        0,
        null,
        null,
        1,
        0,
        null,
        null,
        1,
        0,
        null,
        null,
        null,
        1,
        1,
        null,
        null,
        null,
        null,
        1,
        0,
        0,
        0,
        null,
        0,
        null,
        null,
        null,
        null
      ],
      "/Users/apprentice/Desktop/sitm/app/helpers/response.rb": [
        null,
        null,
        1,
        1,
        null,
        1,
        1,
        null,
        1,
        null,
        1,
        5,
        null,
        null,
        1,
        5,
        null,
        null
      ],
      "/Users/apprentice/Desktop/sitm/app/models/similar.rb": [
        1,
        1,
        1,
        null
      ],
      "/Users/apprentice/Desktop/sitm/app/models/image.rb": [
        1,
        1,
        null
      ]
    },
    "timestamp": 1382301338
  }
}
